2018-03-08 14:34:04 [main] INFO  EventhandlerApplication - Starting EventhandlerApplication on 3FTRN4147 with PID 188652 (D:\rahul\eventhandler-master\target\classes started by Trainee in D:\rahul\eventhandler-master)
2018-03-08 14:34:04 [main] INFO  EventhandlerApplication - No active profile set, falling back to default profiles: default
2018-03-08 14:34:10 [main] INFO  StandardService - Starting service [Tomcat]
2018-03-08 14:34:10 [main] INFO  StandardEngine - Starting Servlet Engine: Apache Tomcat/8.5.27
2018-03-08 14:34:11 [localhost-startStop-1] INFO  [/] - Initializing Spring embedded WebApplicationContext
2018-03-08 14:34:17 [main] INFO  DocumentationPluginsBootstrapper - Context refreshed
2018-03-08 14:34:17 [main] INFO  DocumentationPluginsBootstrapper - Found 1 custom documentation plugin(s)
2018-03-08 14:34:17 [main] INFO  ApiListingReferenceScanner - Scanning for api listing references
2018-03-08 14:34:18 [main] INFO  EventhandlerApplication - Started EventhandlerApplication in 14.232 seconds (JVM running for 21.348)
2018-03-08 14:34:18 [http-nio-9092-exec-1] INFO  [/] - Initializing Spring FrameworkServlet 'dispatcherServlet'
2018-03-08 14:34:42 [http-nio-9092-exec-1] INFO  EventHandlerAspect - ************* @Around advice called *************
2018-03-08 14:34:42 [http-nio-9092-exec-1] INFO  EventHandlerAspect - The method getAll() begins with []
2018-03-08 14:34:42 [http-nio-9092-exec-1] INFO  EventHandlerAspect - The method getAll() ends with [eventId:49, edition:1, date:29/8/2017, location:block1, isActive:true, agenda:[agendaId:48, time:10:00 PM, description:debug, instructor:all the best], eventId:50, edition:2, date:28/8/2017, location:block7, isActive:true, agenda:[agendaId:49, time:10:00 PM, description:debug, instructor:all the best], eventId:51, edition:3, date:29/8/2017, location:block2, isActive:true, agenda:[agendaId:50, time:10:00 PM, description:debug, instructor:all the best], eventId:52, edition:3, date:29/8/2017, location:block2, isActive:true, agenda:[agendaId:51, time:10:00 PM, description:debug, instructor:all the best], eventId:53, edition:0, date:string, location:string, isActive:true, agenda:[agendaId:52, time:string, description:string, instructor:string], eventId:54, edition:0, date:string, location:string, isActive:true, agenda:[agendaId:53, time:string, description:string, instructor:string], eventId:55, edition:0, date:string, location:string, isActive:true, agenda:[agendaId:54, time:string, description:string, instructor:string], eventId:56, edition:0, date:string, location:string, isActive:true, agenda:[agendaId:55, time:string, description:string, instructor:string]]
2018-03-08 14:34:48 [http-nio-9092-exec-2] ERROR [dispatcherServlet] - Servlet.service() for servlet [dispatcherServlet] in context with path [] threw exception [Request processing failed; nested exception is java.lang.ArithmeticException: / by zero] with root cause
java.lang.ArithmeticException: / by zero
	at com.kgisl.Eventhandler.Eventhandler.controller.EventController.divideByZero(EventController.java:34)
	at sun.reflect.NativeMethodAccessorImpl.invoke0(Native Method)
	at sun.reflect.NativeMethodAccessorImpl.invoke(NativeMethodAccessorImpl.java:62)
	at sun.reflect.DelegatingMethodAccessorImpl.invoke(DelegatingMethodAccessorImpl.java:43)
	at java.lang.reflect.Method.invoke(Method.java:498)
	at org.springframework.web.method.support.InvocableHandlerMethod.doInvoke(InvocableHandlerMethod.java:205)
	at org.springframework.web.method.support.InvocableHandlerMethod.invokeForRequest(InvocableHandlerMethod.java:133)
	at org.springframework.web.servlet.mvc.method.annotation.ServletInvocableHandlerMethod.invokeAndHandle(ServletInvocableHandlerMethod.java:97)
	at org.springframework.web.servlet.mvc.method.annotation.RequestMappingHandlerAdapter.invokeHandlerMethod(RequestMappingHandlerAdapter.java:827)
	at org.springframework.web.servlet.mvc.method.annotation.RequestMappingHandlerAdapter.handleInternal(RequestMappingHandlerAdapter.java:738)
	at org.springframework.web.servlet.mvc.method.AbstractHandlerMethodAdapter.handle(AbstractHandlerMethodAdapter.java:85)
	at org.springframework.web.servlet.DispatcherServlet.doDispatch(DispatcherServlet.java:967)
	at org.springframework.web.servlet.DispatcherServlet.doService(DispatcherServlet.java:901)
	at org.springframework.web.servlet.FrameworkServlet.processRequest(FrameworkServlet.java:970)
	at org.springframework.web.servlet.FrameworkServlet.doGet(FrameworkServlet.java:861)
	at javax.servlet.http.HttpServlet.service(HttpServlet.java:635)
	at org.springframework.web.servlet.FrameworkServlet.service(FrameworkServlet.java:846)
	at javax.servlet.http.HttpServlet.service(HttpServlet.java:742)
	at org.apache.catalina.core.ApplicationFilterChain.internalDoFilter(ApplicationFilterChain.java:231)
	at org.apache.catalina.core.ApplicationFilterChain.doFilter(ApplicationFilterChain.java:166)
	at org.apache.tomcat.websocket.server.WsFilter.doFilter(WsFilter.java:52)
	at org.apache.catalina.core.ApplicationFilterChain.internalDoFilter(ApplicationFilterChain.java:193)
	at org.apache.catalina.core.ApplicationFilterChain.doFilter(ApplicationFilterChain.java:166)
	at org.springframework.web.filter.RequestContextFilter.doFilterInternal(RequestContextFilter.java:99)
	at org.springframework.web.filter.OncePerRequestFilter.doFilter(OncePerRequestFilter.java:107)
	at org.apache.catalina.core.ApplicationFilterChain.internalDoFilter(ApplicationFilterChain.java:193)
	at org.apache.catalina.core.ApplicationFilterChain.doFilter(ApplicationFilterChain.java:166)
	at org.springframework.web.filter.HttpPutFormContentFilter.doFilterInternal(HttpPutFormContentFilter.java:108)
	at org.springframework.web.filter.OncePerRequestFilter.doFilter(OncePerRequestFilter.java:107)
	at org.apache.catalina.core.ApplicationFilterChain.internalDoFilter(ApplicationFilterChain.java:193)
	at org.apache.catalina.core.ApplicationFilterChain.doFilter(ApplicationFilterChain.java:166)
	at org.springframework.web.filter.HiddenHttpMethodFilter.doFilterInternal(HiddenHttpMethodFilter.java:81)
	at org.springframework.web.filter.OncePerRequestFilter.doFilter(OncePerRequestFilter.java:107)
	at org.apache.catalina.core.ApplicationFilterChain.internalDoFilter(ApplicationFilterChain.java:193)
	at org.apache.catalina.core.ApplicationFilterChain.doFilter(ApplicationFilterChain.java:166)
	at org.springframework.web.filter.CharacterEncodingFilter.doFilterInternal(CharacterEncodingFilter.java:197)
	at org.springframework.web.filter.OncePerRequestFilter.doFilter(OncePerRequestFilter.java:107)
	at org.apache.catalina.core.ApplicationFilterChain.internalDoFilter(ApplicationFilterChain.java:193)
	at org.apache.catalina.core.ApplicationFilterChain.doFilter(ApplicationFilterChain.java:166)
	at org.apache.catalina.core.StandardWrapperValve.invoke(StandardWrapperValve.java:199)
	at org.apache.catalina.core.StandardContextValve.invoke(StandardContextValve.java:96)
	at org.apache.catalina.authenticator.AuthenticatorBase.invoke(AuthenticatorBase.java:504)
	at org.apache.catalina.core.StandardHostValve.invoke(StandardHostValve.java:140)
	at org.apache.catalina.valves.ErrorReportValve.invoke(ErrorReportValve.java:81)
	at org.apache.catalina.core.StandardEngineValve.invoke(StandardEngineValve.java:87)
	at org.apache.catalina.connector.CoyoteAdapter.service(CoyoteAdapter.java:342)
	at org.apache.coyote.http11.Http11Processor.service(Http11Processor.java:803)
	at org.apache.coyote.AbstractProcessorLight.process(AbstractProcessorLight.java:66)
	at org.apache.coyote.AbstractProtocol$ConnectionHandler.process(AbstractProtocol.java:790)
	at org.apache.tomcat.util.net.NioEndpoint$SocketProcessor.doRun(NioEndpoint.java:1459)
	at org.apache.tomcat.util.net.SocketProcessorBase.run(SocketProcessorBase.java:49)
	at java.util.concurrent.ThreadPoolExecutor.runWorker(ThreadPoolExecutor.java:1142)
	at java.util.concurrent.ThreadPoolExecutor$Worker.run(ThreadPoolExecutor.java:617)
	at org.apache.tomcat.util.threads.TaskThread$WrappingRunnable.run(TaskThread.java:61)
	at java.lang.Thread.run(Thread.java:748)
